[Mon Jan 16 03:54:12 2023] PHP 8.0.26 Development Server (http://localhost:63545) started
[Mon Jan 16 03:54:16 2023] [::1]:36840 Accepted
[Mon Jan 16 03:54:16 2023] [::1]:36840 [200]: GET /
[Mon Jan 16 03:54:16 2023] [::1]:36840 Closing
[Mon Jan 16 03:54:16 2023] [::1]:36850 Accepted
[Mon Jan 16 03:54:16 2023] [::1]:36858 Accepted
[Mon Jan 16 03:54:16 2023] [::1]:36850 [200]: GET /js/main.js
[Mon Jan 16 03:54:16 2023] [::1]:36850 Closing
[Mon Jan 16 03:54:16 2023] [::1]:36858 [200]: GET /sw.js
[Mon Jan 16 03:54:16 2023] [::1]:36858 Closing
[Mon Jan 16 03:54:16 2023] [::1]:36860 Accepted
[Mon Jan 16 03:54:16 2023] [::1]:36860 [404]: GET /favicon.ico - No such file or directory
[Mon Jan 16 03:54:16 2023] [::1]:36860 Closing
[Mon Jan 16 04:05:18 2023] PHP 8.0.26 Development Server (http://localhost:13459) started
[Mon Jan 16 04:05:22 2023] [::1]:58270 Accepted
[Mon Jan 16 04:05:22 2023] [::1]:58270 [200]: GET /
[Mon Jan 16 04:05:22 2023] [::1]:58270 Closing
[Mon Jan 16 04:05:22 2023] [::1]:58284 Accepted
[Mon Jan 16 04:05:22 2023] [::1]:58300 Accepted
[Mon Jan 16 04:05:22 2023] [::1]:58284 [200]: GET /js/main.js
[Mon Jan 16 04:05:22 2023] [::1]:58284 Closing
[Mon Jan 16 04:05:22 2023] [::1]:58300 [200]: GET /sw.js
[Mon Jan 16 04:05:22 2023] [::1]:58300 Closing
[Mon Jan 16 04:05:22 2023] [::1]:58304 Accepted
[Mon Jan 16 04:05:22 2023] [::1]:58304 [404]: GET /favicon.ico - No such file or directory
[Mon Jan 16 04:05:22 2023] [::1]:58304 Closing
[Mon Jan 16 04:05:41 2023] [::1]:40132 Accepted
[Mon Jan 16 04:05:41 2023] [::1]:40136 Accepted
[Mon Jan 16 04:05:41 2023] [::1]:40132 [200]: GET /
[Mon Jan 16 04:05:41 2023] [::1]:40132 Closing
[Mon Jan 16 04:05:41 2023] [::1]:40136 [200]: GET /js/main.js
[Mon Jan 16 04:05:41 2023] [::1]:40136 Closing
[Mon Jan 16 04:05:43 2023] [::1]:40146 Accepted
[Mon Jan 16 04:05:43 2023] [::1]:40146 [200]: GET /sw.js
[Mon Jan 16 04:05:43 2023] [::1]:40146 Closing
[Mon Jan 16 04:05:43 2023] [::1]:40150 Accepted
[Mon Jan 16 04:05:43 2023] [::1]:40150 [200]: GET /
[Mon Jan 16 04:05:43 2023] [::1]:40150 Closing
